<?xml version="1.0" encoding="UTF-8"?>
<testsuite xmlns:xsi="http://www.w3.org/2001/XMLSchema-instance" xsi:noNamespaceSchemaLocation="https://maven.apache.org/surefire/maven-surefire-plugin/xsd/surefire-test-report-3.0.xsd" version="3.0" name="TestSuite" time="93.463" tests="20" errors="0" skipped="0" failures="0">
  <properties>
    <property name="sun.desktop" value="windows"/>
    <property name="awt.toolkit" value="sun.awt.windows.WToolkit"/>
    <property name="file.encoding.pkg" value="sun.io"/>
    <property name="java.specification.version" value="1.8"/>
    <property name="webdriver.chrome.driver" value="C:\Users\runneradmin\.cache\selenium\chromedriver\win32\92.0.4515.107\chromedriver.exe"/>
    <property name="sun.cpu.isalist" value="amd64"/>
    <property name="sun.jnu.encoding" value="Cp1252"/>
    <property name="java.class.path" value="D:\a\Vizsgaremek\Vizsgaremek\target\test-classes;D:\a\Vizsgaremek\Vizsgaremek\target\classes;C:\Users\runneradmin\.m2\repository\org\seleniumhq\selenium\selenium-java\3.141.59\selenium-java-3.141.59.jar;C:\Users\runneradmin\.m2\repository\org\seleniumhq\selenium\selenium-api\3.141.59\selenium-api-3.141.59.jar;C:\Users\runneradmin\.m2\repository\org\seleniumhq\selenium\selenium-edge-driver\3.141.59\selenium-edge-driver-3.141.59.jar;C:\Users\runneradmin\.m2\repository\org\seleniumhq\selenium\selenium-ie-driver\3.141.59\selenium-ie-driver-3.141.59.jar;C:\Users\runneradmin\.m2\repository\org\seleniumhq\selenium\selenium-opera-driver\3.141.59\selenium-opera-driver-3.141.59.jar;C:\Users\runneradmin\.m2\repository\org\seleniumhq\selenium\selenium-remote-driver\3.141.59\selenium-remote-driver-3.141.59.jar;C:\Users\runneradmin\.m2\repository\org\seleniumhq\selenium\selenium-safari-driver\3.141.59\selenium-safari-driver-3.141.59.jar;C:\Users\runneradmin\.m2\repository\org\seleniumhq\selenium\selenium-support\3.141.59\selenium-support-3.141.59.jar;C:\Users\runneradmin\.m2\repository\net\bytebuddy\byte-buddy\1.8.15\byte-buddy-1.8.15.jar;C:\Users\runneradmin\.m2\repository\org\apache\commons\commons-exec\1.3\commons-exec-1.3.jar;C:\Users\runneradmin\.m2\repository\com\google\guava\guava\25.0-jre\guava-25.0-jre.jar;C:\Users\runneradmin\.m2\repository\com\google\code\findbugs\jsr305\1.3.9\jsr305-1.3.9.jar;C:\Users\runneradmin\.m2\repository\org\checkerframework\checker-compat-qual\2.0.0\checker-compat-qual-2.0.0.jar;C:\Users\runneradmin\.m2\repository\com\google\errorprone\error_prone_annotations\2.1.3\error_prone_annotations-2.1.3.jar;C:\Users\runneradmin\.m2\repository\com\google\j2objc\j2objc-annotations\1.1\j2objc-annotations-1.1.jar;C:\Users\runneradmin\.m2\repository\org\codehaus\mojo\animal-sniffer-annotations\1.14\animal-sniffer-annotations-1.14.jar;C:\Users\runneradmin\.m2\repository\com\squareup\okhttp3\okhttp\3.11.0\okhttp-3.11.0.jar;C:\Users\runneradmin\.m2\repository\com\squareup\okio\okio\1.14.0\okio-1.14.0.jar;C:\Users\runneradmin\.m2\repository\org\testng\testng\7.4.0\testng-7.4.0.jar;C:\Users\runneradmin\.m2\repository\com\beust\jcommander\1.78\jcommander-1.78.jar;C:\Users\runneradmin\.m2\repository\org\webjars\jquery\3.5.1\jquery-3.5.1.jar;C:\Users\runneradmin\.m2\repository\com\google\inject\guice\5.0.1\guice-5.0.1.jar;C:\Users\runneradmin\.m2\repository\javax\inject\javax.inject\1\javax.inject-1.jar;C:\Users\runneradmin\.m2\repository\aopalliance\aopalliance\1.0\aopalliance-1.0.jar;C:\Users\runneradmin\.m2\repository\org\uncommons\reportng\1.1.4\reportng-1.1.4.jar;C:\Users\runneradmin\.m2\repository\velocity\velocity\1.4\velocity-1.4.jar;C:\Users\runneradmin\.m2\repository\velocity\velocity-dep\1.4\velocity-dep-1.4.jar;C:\Users\runneradmin\.m2\repository\org\apache\poi\poi\5.0.0\poi-5.0.0.jar;C:\Users\runneradmin\.m2\repository\org\slf4j\slf4j-api\1.7.30\slf4j-api-1.7.30.jar;C:\Users\runneradmin\.m2\repository\org\slf4j\jcl-over-slf4j\1.7.30\jcl-over-slf4j-1.7.30.jar;C:\Users\runneradmin\.m2\repository\commons-codec\commons-codec\1.15\commons-codec-1.15.jar;C:\Users\runneradmin\.m2\repository\org\apache\commons\commons-collections4\4.4\commons-collections4-4.4.jar;C:\Users\runneradmin\.m2\repository\org\apache\commons\commons-math3\3.6.1\commons-math3-3.6.1.jar;C:\Users\runneradmin\.m2\repository\com\zaxxer\SparseBitSet\1.2\SparseBitSet-1.2.jar;C:\Users\runneradmin\.m2\repository\org\apache\poi\poi-ooxml\5.0.0\poi-ooxml-5.0.0.jar;C:\Users\runneradmin\.m2\repository\org\apache\poi\poi-ooxml-lite\5.0.0\poi-ooxml-lite-5.0.0.jar;C:\Users\runneradmin\.m2\repository\org\apache\xmlbeans\xmlbeans\4.0.0\xmlbeans-4.0.0.jar;C:\Users\runneradmin\.m2\repository\xml-apis\xml-apis\1.4.01\xml-apis-1.4.01.jar;C:\Users\runneradmin\.m2\repository\org\apache\commons\commons-compress\1.20\commons-compress-1.20.jar;C:\Users\runneradmin\.m2\repository\com\github\virtuald\curvesapi\1.06\curvesapi-1.06.jar;C:\Users\runneradmin\.m2\repository\org\bouncycastle\bcpkix-jdk15on\1.68\bcpkix-jdk15on-1.68.jar;C:\Users\runneradmin\.m2\repository\org\bouncycastle\bcprov-jdk15on\1.68\bcprov-jdk15on-1.68.jar;C:\Users\runneradmin\.m2\repository\org\apache\santuario\xmlsec\2.2.1\xmlsec-2.2.1.jar;C:\Users\runneradmin\.m2\repository\com\fasterxml\woodstox\woodstox-core\5.2.1\woodstox-core-5.2.1.jar;C:\Users\runneradmin\.m2\repository\org\codehaus\woodstox\stax2-api\4.2\stax2-api-4.2.jar;C:\Users\runneradmin\.m2\repository\org\apache\xmlgraphics\batik-all\1.13\batik-all-1.13.jar;C:\Users\runneradmin\.m2\repository\org\apache\xmlgraphics\batik-anim\1.13\batik-anim-1.13.jar;C:\Users\runneradmin\.m2\repository\org\apache\xmlgraphics\batik-shared-resources\1.13\batik-shared-resources-1.13.jar;C:\Users\runneradmin\.m2\repository\xml-apis\xml-apis-ext\1.3.04\xml-apis-ext-1.3.04.jar;C:\Users\runneradmin\.m2\repository\org\apache\xmlgraphics\batik-awt-util\1.13\batik-awt-util-1.13.jar;C:\Users\runneradmin\.m2\repository\org\apache\xmlgraphics\xmlgraphics-commons\2.4\xmlgraphics-commons-2.4.jar;C:\Users\runneradmin\.m2\repository\org\apache\xmlgraphics\batik-bridge\1.13\batik-bridge-1.13.jar;C:\Users\runneradmin\.m2\repository\org\apache\xmlgraphics\batik-codec\1.13\batik-codec-1.13.jar;C:\Users\runneradmin\.m2\repository\org\apache\xmlgraphics\batik-constants\1.13\batik-constants-1.13.jar;C:\Users\runneradmin\.m2\repository\org\apache\xmlgraphics\batik-css\1.13\batik-css-1.13.jar;C:\Users\runneradmin\.m2\repository\org\apache\xmlgraphics\batik-dom\1.13\batik-dom-1.13.jar;C:\Users\runneradmin\.m2\repository\xalan\xalan\2.7.2\xalan-2.7.2.jar;C:\Users\runneradmin\.m2\repository\xalan\serializer\2.7.2\serializer-2.7.2.jar;C:\Users\runneradmin\.m2\repository\org\apache\xmlgraphics\batik-ext\1.13\batik-ext-1.13.jar;C:\Users\runneradmin\.m2\repository\org\apache\xmlgraphics\batik-extension\1.13\batik-extension-1.13.jar;C:\Users\runneradmin\.m2\repository\org\apache\xmlgraphics\batik-gui-util\1.13\batik-gui-util-1.13.jar;C:\Users\runneradmin\.m2\repository\org\apache\xmlgraphics\batik-gvt\1.13\batik-gvt-1.13.jar;C:\Users\runneradmin\.m2\repository\org\apache\xmlgraphics\batik-i18n\1.13\batik-i18n-1.13.jar;C:\Users\runneradmin\.m2\repository\org\apache\xmlgraphics\batik-parser\1.13\batik-parser-1.13.jar;C:\Users\runneradmin\.m2\repository\org\apache\xmlgraphics\batik-rasterizer-ext\1.13\batik-rasterizer-ext-1.13.jar;C:\Users\runneradmin\.m2\repository\org\apache\xmlgraphics\batik-rasterizer\1.13\batik-rasterizer-1.13.jar;C:\Users\runneradmin\.m2\repository\org\apache\xmlgraphics\batik-script\1.13\batik-script-1.13.jar;C:\Users\runneradmin\.m2\repository\org\apache\xmlgraphics\batik-slideshow\1.13\batik-slideshow-1.13.jar;C:\Users\runneradmin\.m2\repository\org\apache\xmlgraphics\batik-squiggle-ext\1.13\batik-squiggle-ext-1.13.jar;C:\Users\runneradmin\.m2\repository\org\apache\xmlgraphics\batik-squiggle\1.13\batik-squiggle-1.13.jar;C:\Users\runneradmin\.m2\repository\org\apache\xmlgraphics\batik-svg-dom\1.13\batik-svg-dom-1.13.jar;C:\Users\runneradmin\.m2\repository\org\apache\xmlgraphics\batik-svgbrowser\1.13\batik-svgbrowser-1.13.jar;C:\Users\runneradmin\.m2\repository\org\apache\xmlgraphics\batik-svggen\1.13\batik-svggen-1.13.jar;C:\Users\runneradmin\.m2\repository\org\apache\xmlgraphics\batik-svgpp\1.13\batik-svgpp-1.13.jar;C:\Users\runneradmin\.m2\repository\org\apache\xmlgraphics\batik-svgrasterizer\1.13\batik-svgrasterizer-1.13.jar;C:\Users\runneradmin\.m2\repository\org\apache\xmlgraphics\batik-swing\1.13\batik-swing-1.13.jar;C:\Users\runneradmin\.m2\repository\org\apache\xmlgraphics\batik-transcoder\1.13\batik-transcoder-1.13.jar;C:\Users\runneradmin\.m2\repository\org\apache\xmlgraphics\batik-util\1.13\batik-util-1.13.jar;C:\Users\runneradmin\.m2\repository\org\apache\xmlgraphics\batik-ttf2svg\1.13\batik-ttf2svg-1.13.jar;C:\Users\runneradmin\.m2\repository\org\apache\xmlgraphics\batik-xml\1.13\batik-xml-1.13.jar;C:\Users\runneradmin\.m2\repository\de\rototor\pdfbox\graphics2d\0.30\graphics2d-0.30.jar;C:\Users\runneradmin\.m2\repository\org\apache\pdfbox\pdfbox\2.0.22\pdfbox-2.0.22.jar;C:\Users\runneradmin\.m2\repository\org\apache\pdfbox\fontbox\2.0.22\fontbox-2.0.22.jar;C:\Users\runneradmin\.m2\repository\io\github\bonigarcia\webdrivermanager\4.4.3\webdrivermanager-4.4.3.jar;C:\Users\runneradmin\.m2\repository\commons-io\commons-io\2.8.0\commons-io-2.8.0.jar;C:\Users\runneradmin\.m2\repository\com\google\code\gson\gson\2.8.6\gson-2.8.6.jar;C:\Users\runneradmin\.m2\repository\org\apache\commons\commons-lang3\3.12.0\commons-lang3-3.12.0.jar;C:\Users\runneradmin\.m2\repository\org\apache\httpcomponents\client5\httpclient5\5.0.3\httpclient5-5.0.3.jar;C:\Users\runneradmin\.m2\repository\org\apache\httpcomponents\core5\httpcore5\5.0.2\httpcore5-5.0.2.jar;C:\Users\runneradmin\.m2\repository\org\apache\httpcomponents\core5\httpcore5-h2\5.0.2\httpcore5-h2-5.0.2.jar;C:\Users\runneradmin\.m2\repository\org\rauschig\jarchivelib\1.1.0\jarchivelib-1.1.0.jar;C:\Users\runneradmin\.m2\repository\org\jsoup\jsoup\1.13.1\jsoup-1.13.1.jar;C:\Users\runneradmin\.m2\repository\org\seleniumhq\selenium\selenium-chrome-driver\3.141.59\selenium-chrome-driver-3.141.59.jar;C:\Users\runneradmin\.m2\repository\org\seleniumhq\selenium\selenium-firefox-driver\3.141.59\selenium-firefox-driver-3.141.59.jar;C:\Users\runneradmin\.m2\repository\com\relevantcodes\extentreports\2.41.2\extentreports-2.41.2.jar;C:\Users\runneradmin\.m2\repository\org\xerial\sqlite-jdbc\3.8.11.1\sqlite-jdbc-3.8.11.1.jar;C:\Users\runneradmin\.m2\repository\org\freemarker\freemarker\2.3.23\freemarker-2.3.23.jar;C:\Users\runneradmin\.m2\repository\org\mongodb\mongodb-driver\3.0.4\mongodb-driver-3.0.4.jar;C:\Users\runneradmin\.m2\repository\org\mongodb\bson\3.0.4\bson-3.0.4.jar;C:\Users\runneradmin\.m2\repository\org\mongodb\mongodb-driver-core\3.0.4\mongodb-driver-core-3.0.4.jar;"/>
    <property name="java.vm.vendor" value="Azul Systems, Inc."/>
    <property name="sun.arch.data.model" value="64"/>
    <property name="user.variant" value=""/>
    <property name="java.vendor.url" value="http://www.azul.com/"/>
    <property name="user.timezone" value="UTC"/>
    <property name="java.vm.specification.version" value="1.8"/>
    <property name="os.name" value="Windows Server 2019"/>
    <property name="user.country" value="US"/>
    <property name="sun.java.launcher" value="SUN_STANDARD"/>
    <property name="sun.boot.library.path" value="C:\hostedtoolcache\windows\jdk\8.0.302\x64\jre\bin"/>
    <property name="sun.java.command" value="C:\Users\runneradmin\AppData\Local\Temp\surefire2909368516462785608\surefirebooter6839997377346075735.jar C:\Users\runneradmin\AppData\Local\Temp\surefire2909368516462785608 2021-08-23T08-14-41_844-jvmRun1 surefire4786201915873866856tmp surefire_03050534692505077535tmp"/>
    <property name="surefire.test.class.path" value="D:\a\Vizsgaremek\Vizsgaremek\target\test-classes;D:\a\Vizsgaremek\Vizsgaremek\target\classes;C:\Users\runneradmin\.m2\repository\org\seleniumhq\selenium\selenium-java\3.141.59\selenium-java-3.141.59.jar;C:\Users\runneradmin\.m2\repository\org\seleniumhq\selenium\selenium-api\3.141.59\selenium-api-3.141.59.jar;C:\Users\runneradmin\.m2\repository\org\seleniumhq\selenium\selenium-edge-driver\3.141.59\selenium-edge-driver-3.141.59.jar;C:\Users\runneradmin\.m2\repository\org\seleniumhq\selenium\selenium-ie-driver\3.141.59\selenium-ie-driver-3.141.59.jar;C:\Users\runneradmin\.m2\repository\org\seleniumhq\selenium\selenium-opera-driver\3.141.59\selenium-opera-driver-3.141.59.jar;C:\Users\runneradmin\.m2\repository\org\seleniumhq\selenium\selenium-remote-driver\3.141.59\selenium-remote-driver-3.141.59.jar;C:\Users\runneradmin\.m2\repository\org\seleniumhq\selenium\selenium-safari-driver\3.141.59\selenium-safari-driver-3.141.59.jar;C:\Users\runneradmin\.m2\repository\org\seleniumhq\selenium\selenium-support\3.141.59\selenium-support-3.141.59.jar;C:\Users\runneradmin\.m2\repository\net\bytebuddy\byte-buddy\1.8.15\byte-buddy-1.8.15.jar;C:\Users\runneradmin\.m2\repository\org\apache\commons\commons-exec\1.3\commons-exec-1.3.jar;C:\Users\runneradmin\.m2\repository\com\google\guava\guava\25.0-jre\guava-25.0-jre.jar;C:\Users\runneradmin\.m2\repository\com\google\code\findbugs\jsr305\1.3.9\jsr305-1.3.9.jar;C:\Users\runneradmin\.m2\repository\org\checkerframework\checker-compat-qual\2.0.0\checker-compat-qual-2.0.0.jar;C:\Users\runneradmin\.m2\repository\com\google\errorprone\error_prone_annotations\2.1.3\error_prone_annotations-2.1.3.jar;C:\Users\runneradmin\.m2\repository\com\google\j2objc\j2objc-annotations\1.1\j2objc-annotations-1.1.jar;C:\Users\runneradmin\.m2\repository\org\codehaus\mojo\animal-sniffer-annotations\1.14\animal-sniffer-annotations-1.14.jar;C:\Users\runneradmin\.m2\repository\com\squareup\okhttp3\okhttp\3.11.0\okhttp-3.11.0.jar;C:\Users\runneradmin\.m2\repository\com\squareup\okio\okio\1.14.0\okio-1.14.0.jar;C:\Users\runneradmin\.m2\repository\org\testng\testng\7.4.0\testng-7.4.0.jar;C:\Users\runneradmin\.m2\repository\com\beust\jcommander\1.78\jcommander-1.78.jar;C:\Users\runneradmin\.m2\repository\org\webjars\jquery\3.5.1\jquery-3.5.1.jar;C:\Users\runneradmin\.m2\repository\com\google\inject\guice\5.0.1\guice-5.0.1.jar;C:\Users\runneradmin\.m2\repository\javax\inject\javax.inject\1\javax.inject-1.jar;C:\Users\runneradmin\.m2\repository\aopalliance\aopalliance\1.0\aopalliance-1.0.jar;C:\Users\runneradmin\.m2\repository\org\uncommons\reportng\1.1.4\reportng-1.1.4.jar;C:\Users\runneradmin\.m2\repository\velocity\velocity\1.4\velocity-1.4.jar;C:\Users\runneradmin\.m2\repository\velocity\velocity-dep\1.4\velocity-dep-1.4.jar;C:\Users\runneradmin\.m2\repository\org\apache\poi\poi\5.0.0\poi-5.0.0.jar;C:\Users\runneradmin\.m2\repository\org\slf4j\slf4j-api\1.7.30\slf4j-api-1.7.30.jar;C:\Users\runneradmin\.m2\repository\org\slf4j\jcl-over-slf4j\1.7.30\jcl-over-slf4j-1.7.30.jar;C:\Users\runneradmin\.m2\repository\commons-codec\commons-codec\1.15\commons-codec-1.15.jar;C:\Users\runneradmin\.m2\repository\org\apache\commons\commons-collections4\4.4\commons-collections4-4.4.jar;C:\Users\runneradmin\.m2\repository\org\apache\commons\commons-math3\3.6.1\commons-math3-3.6.1.jar;C:\Users\runneradmin\.m2\repository\com\zaxxer\SparseBitSet\1.2\SparseBitSet-1.2.jar;C:\Users\runneradmin\.m2\repository\org\apache\poi\poi-ooxml\5.0.0\poi-ooxml-5.0.0.jar;C:\Users\runneradmin\.m2\repository\org\apache\poi\poi-ooxml-lite\5.0.0\poi-ooxml-lite-5.0.0.jar;C:\Users\runneradmin\.m2\repository\org\apache\xmlbeans\xmlbeans\4.0.0\xmlbeans-4.0.0.jar;C:\Users\runneradmin\.m2\repository\xml-apis\xml-apis\1.4.01\xml-apis-1.4.01.jar;C:\Users\runneradmin\.m2\repository\org\apache\commons\commons-compress\1.20\commons-compress-1.20.jar;C:\Users\runneradmin\.m2\repository\com\github\virtuald\curvesapi\1.06\curvesapi-1.06.jar;C:\Users\runneradmin\.m2\repository\org\bouncycastle\bcpkix-jdk15on\1.68\bcpkix-jdk15on-1.68.jar;C:\Users\runneradmin\.m2\repository\org\bouncycastle\bcprov-jdk15on\1.68\bcprov-jdk15on-1.68.jar;C:\Users\runneradmin\.m2\repository\org\apache\santuario\xmlsec\2.2.1\xmlsec-2.2.1.jar;C:\Users\runneradmin\.m2\repository\com\fasterxml\woodstox\woodstox-core\5.2.1\woodstox-core-5.2.1.jar;C:\Users\runneradmin\.m2\repository\org\codehaus\woodstox\stax2-api\4.2\stax2-api-4.2.jar;C:\Users\runneradmin\.m2\repository\org\apache\xmlgraphics\batik-all\1.13\batik-all-1.13.jar;C:\Users\runneradmin\.m2\repository\org\apache\xmlgraphics\batik-anim\1.13\batik-anim-1.13.jar;C:\Users\runneradmin\.m2\repository\org\apache\xmlgraphics\batik-shared-resources\1.13\batik-shared-resources-1.13.jar;C:\Users\runneradmin\.m2\repository\xml-apis\xml-apis-ext\1.3.04\xml-apis-ext-1.3.04.jar;C:\Users\runneradmin\.m2\repository\org\apache\xmlgraphics\batik-awt-util\1.13\batik-awt-util-1.13.jar;C:\Users\runneradmin\.m2\repository\org\apache\xmlgraphics\xmlgraphics-commons\2.4\xmlgraphics-commons-2.4.jar;C:\Users\runneradmin\.m2\repository\org\apache\xmlgraphics\batik-bridge\1.13\batik-bridge-1.13.jar;C:\Users\runneradmin\.m2\repository\org\apache\xmlgraphics\batik-codec\1.13\batik-codec-1.13.jar;C:\Users\runneradmin\.m2\repository\org\apache\xmlgraphics\batik-constants\1.13\batik-constants-1.13.jar;C:\Users\runneradmin\.m2\repository\org\apache\xmlgraphics\batik-css\1.13\batik-css-1.13.jar;C:\Users\runneradmin\.m2\repository\org\apache\xmlgraphics\batik-dom\1.13\batik-dom-1.13.jar;C:\Users\runneradmin\.m2\repository\xalan\xalan\2.7.2\xalan-2.7.2.jar;C:\Users\runneradmin\.m2\repository\xalan\serializer\2.7.2\serializer-2.7.2.jar;C:\Users\runneradmin\.m2\repository\org\apache\xmlgraphics\batik-ext\1.13\batik-ext-1.13.jar;C:\Users\runneradmin\.m2\repository\org\apache\xmlgraphics\batik-extension\1.13\batik-extension-1.13.jar;C:\Users\runneradmin\.m2\repository\org\apache\xmlgraphics\batik-gui-util\1.13\batik-gui-util-1.13.jar;C:\Users\runneradmin\.m2\repository\org\apache\xmlgraphics\batik-gvt\1.13\batik-gvt-1.13.jar;C:\Users\runneradmin\.m2\repository\org\apache\xmlgraphics\batik-i18n\1.13\batik-i18n-1.13.jar;C:\Users\runneradmin\.m2\repository\org\apache\xmlgraphics\batik-parser\1.13\batik-parser-1.13.jar;C:\Users\runneradmin\.m2\repository\org\apache\xmlgraphics\batik-rasterizer-ext\1.13\batik-rasterizer-ext-1.13.jar;C:\Users\runneradmin\.m2\repository\org\apache\xmlgraphics\batik-rasterizer\1.13\batik-rasterizer-1.13.jar;C:\Users\runneradmin\.m2\repository\org\apache\xmlgraphics\batik-script\1.13\batik-script-1.13.jar;C:\Users\runneradmin\.m2\repository\org\apache\xmlgraphics\batik-slideshow\1.13\batik-slideshow-1.13.jar;C:\Users\runneradmin\.m2\repository\org\apache\xmlgraphics\batik-squiggle-ext\1.13\batik-squiggle-ext-1.13.jar;C:\Users\runneradmin\.m2\repository\org\apache\xmlgraphics\batik-squiggle\1.13\batik-squiggle-1.13.jar;C:\Users\runneradmin\.m2\repository\org\apache\xmlgraphics\batik-svg-dom\1.13\batik-svg-dom-1.13.jar;C:\Users\runneradmin\.m2\repository\org\apache\xmlgraphics\batik-svgbrowser\1.13\batik-svgbrowser-1.13.jar;C:\Users\runneradmin\.m2\repository\org\apache\xmlgraphics\batik-svggen\1.13\batik-svggen-1.13.jar;C:\Users\runneradmin\.m2\repository\org\apache\xmlgraphics\batik-svgpp\1.13\batik-svgpp-1.13.jar;C:\Users\runneradmin\.m2\repository\org\apache\xmlgraphics\batik-svgrasterizer\1.13\batik-svgrasterizer-1.13.jar;C:\Users\runneradmin\.m2\repository\org\apache\xmlgraphics\batik-swing\1.13\batik-swing-1.13.jar;C:\Users\runneradmin\.m2\repository\org\apache\xmlgraphics\batik-transcoder\1.13\batik-transcoder-1.13.jar;C:\Users\runneradmin\.m2\repository\org\apache\xmlgraphics\batik-util\1.13\batik-util-1.13.jar;C:\Users\runneradmin\.m2\repository\org\apache\xmlgraphics\batik-ttf2svg\1.13\batik-ttf2svg-1.13.jar;C:\Users\runneradmin\.m2\repository\org\apache\xmlgraphics\batik-xml\1.13\batik-xml-1.13.jar;C:\Users\runneradmin\.m2\repository\de\rototor\pdfbox\graphics2d\0.30\graphics2d-0.30.jar;C:\Users\runneradmin\.m2\repository\org\apache\pdfbox\pdfbox\2.0.22\pdfbox-2.0.22.jar;C:\Users\runneradmin\.m2\repository\org\apache\pdfbox\fontbox\2.0.22\fontbox-2.0.22.jar;C:\Users\runneradmin\.m2\repository\io\github\bonigarcia\webdrivermanager\4.4.3\webdrivermanager-4.4.3.jar;C:\Users\runneradmin\.m2\repository\commons-io\commons-io\2.8.0\commons-io-2.8.0.jar;C:\Users\runneradmin\.m2\repository\com\google\code\gson\gson\2.8.6\gson-2.8.6.jar;C:\Users\runneradmin\.m2\repository\org\apache\commons\commons-lang3\3.12.0\commons-lang3-3.12.0.jar;C:\Users\runneradmin\.m2\repository\org\apache\httpcomponents\client5\httpclient5\5.0.3\httpclient5-5.0.3.jar;C:\Users\runneradmin\.m2\repository\org\apache\httpcomponents\core5\httpcore5\5.0.2\httpcore5-5.0.2.jar;C:\Users\runneradmin\.m2\repository\org\apache\httpcomponents\core5\httpcore5-h2\5.0.2\httpcore5-h2-5.0.2.jar;C:\Users\runneradmin\.m2\repository\org\rauschig\jarchivelib\1.1.0\jarchivelib-1.1.0.jar;C:\Users\runneradmin\.m2\repository\org\jsoup\jsoup\1.13.1\jsoup-1.13.1.jar;C:\Users\runneradmin\.m2\repository\org\seleniumhq\selenium\selenium-chrome-driver\3.141.59\selenium-chrome-driver-3.141.59.jar;C:\Users\runneradmin\.m2\repository\org\seleniumhq\selenium\selenium-firefox-driver\3.141.59\selenium-firefox-driver-3.141.59.jar;C:\Users\runneradmin\.m2\repository\com\relevantcodes\extentreports\2.41.2\extentreports-2.41.2.jar;C:\Users\runneradmin\.m2\repository\org\xerial\sqlite-jdbc\3.8.11.1\sqlite-jdbc-3.8.11.1.jar;C:\Users\runneradmin\.m2\repository\org\freemarker\freemarker\2.3.23\freemarker-2.3.23.jar;C:\Users\runneradmin\.m2\repository\org\mongodb\mongodb-driver\3.0.4\mongodb-driver-3.0.4.jar;C:\Users\runneradmin\.m2\repository\org\mongodb\bson\3.0.4\bson-3.0.4.jar;C:\Users\runneradmin\.m2\repository\org\mongodb\mongodb-driver-core\3.0.4\mongodb-driver-core-3.0.4.jar;"/>
    <property name="sun.cpu.endian" value="little"/>
    <property name="user.home" value="C:\Users\runneradmin"/>
    <property name="user.language" value="en"/>
    <property name="java.specification.vendor" value="Oracle Corporation"/>
    <property name="java.home" value="C:\hostedtoolcache\windows\jdk\8.0.302\x64\jre"/>
    <property name="basedir" value="D:\a\Vizsgaremek\Vizsgaremek"/>
    <property name="file.separator" value="\"/>
    <property name="line.separator" value="&#10;"/>
    <property name="jdk.vendor.version" value="Zulu 8.56.0.23-CA-win64"/>
    <property name="java.vm.specification.vendor" value="Oracle Corporation"/>
    <property name="java.specification.name" value="Java Platform API Specification"/>
    <property name="java.awt.graphicsenv" value="sun.awt.Win32GraphicsEnvironment"/>
    <property name="surefire.real.class.path" value="C:\Users\runneradmin\AppData\Local\Temp\surefire2909368516462785608\surefirebooter6839997377346075735.jar"/>
    <property name="sun.boot.class.path" value="C:\hostedtoolcache\windows\jdk\8.0.302\x64\jre\lib\resources.jar;C:\hostedtoolcache\windows\jdk\8.0.302\x64\jre\lib\rt.jar;C:\hostedtoolcache\windows\jdk\8.0.302\x64\jre\lib\sunrsasign.jar;C:\hostedtoolcache\windows\jdk\8.0.302\x64\jre\lib\jsse.jar;C:\hostedtoolcache\windows\jdk\8.0.302\x64\jre\lib\jce.jar;C:\hostedtoolcache\windows\jdk\8.0.302\x64\jre\lib\charsets.jar;C:\hostedtoolcache\windows\jdk\8.0.302\x64\jre\lib\jfr.jar;C:\hostedtoolcache\windows\jdk\8.0.302\x64\jre\classes"/>
    <property name="user.script" value=""/>
    <property name="sun.management.compiler" value="HotSpot 64-Bit Tiered Compilers"/>
    <property name="java.runtime.version" value="1.8.0_302-b08"/>
    <property name="user.name" value="runneradmin"/>
    <property name="path.separator" value=";"/>
    <property name="os.version" value="10.0"/>
    <property name="java.endorsed.dirs" value="C:\hostedtoolcache\windows\jdk\8.0.302\x64\jre\lib\endorsed"/>
    <property name="java.runtime.name" value="OpenJDK Runtime Environment"/>
    <property name="file.encoding" value="Cp1252"/>
    <property name="java.vm.name" value="OpenJDK 64-Bit Server VM"/>
    <property name="localRepository" value="C:\Users\runneradmin\.m2\repository"/>
    <property name="java.vendor.url.bug" value="http://www.azul.com/support/"/>
    <property name="java.io.tmpdir" value="C:\Users\RUNNER~1\AppData\Local\Temp\"/>
    <property name="java.version" value="1.8.0_302"/>
    <property name="user.dir" value="D:\a\Vizsgaremek\Vizsgaremek"/>
    <property name="os.arch" value="amd64"/>
    <property name="java.vm.specification.name" value="Java Virtual Machine Specification"/>
    <property name="java.awt.printerjob" value="sun.awt.windows.WPrinterJob"/>
    <property name="sun.os.patch.level" value=""/>
    <property name="java.library.path" value="C:\hostedtoolcache\windows\jdk\8.0.302\x64\jre\bin;C:\Windows\Sun\Java\bin;C:\Windows\system32;C:\Windows;C:\Program Files\PowerShell\7;C:\hostedtoolcache\windows\jdk\8.0.302\x64\bin;C:\Users\runneradmin\.dotnet\tools;C:\Program Files\MongoDB\Server\5.0\bin;C:\aliyun-cli;C:\vcpkg;C:\cf-cli;C:\Program Files (x86)\NSIS\;C:\tools\zstd;C:\Program Files\Mercurial\;C:\hostedtoolcache\windows\stack\2.7.3\x64;C:\tools\ghc-9.0.1\bin;C:\Program Files\dotnet;C:\mysql-5.7.21-winx64\bin;C:\Program Files\R\R-4.1.1\bin\x64;C:\SeleniumWebDrivers\GeckoDriver;C:\Program Files (x86)\sbt\bin;C:\Rust\.cargo\bin;C:\Program Files (x86)\GitHub CLI;C:\Program Files\Git\bin;C:\Program Files (x86)\pipx_bin;C:\hostedtoolcache\windows\go\1.15.15\x64\bin;C:\hostedtoolcache\windows\Python\3.7.9\x64\Scripts;C:\hostedtoolcache\windows\Python\3.7.9\x64;C:\hostedtoolcache\windows\Ruby\2.5.9\x64\bin;C:\hostedtoolcache\windows\Java_Adopt_jdk\8.0.302-8\x64\bin;C:\npm\prefix;C:\Program Files (x86)\Microsoft SDKs\Azure\CLI2\wbin;C:\ProgramData\kind;C:\Windows\system32;C:\Windows;C:\Windows\System32\Wbem;C:\Windows\System32\WindowsPowerShell\v1.0\;C:\Windows\System32\OpenSSH\;C:\ProgramData\Chocolatey\bin;C:\Program Files\Docker;C:\Program Files\PowerShell\7\;C:\Program Files\Microsoft\Web Platform Installer\;C:\Program Files\dotnet\;C:\Program Files\Microsoft SQL Server\130\Tools\Binn\;C:\Program Files\Microsoft SQL Server\Client SDK\ODBC\170\Tools\Binn\;C:\Program Files (x86)\Windows Kits\10\Windows Performance Toolkit\;C:\Program Files (x86)\Microsoft SQL Server\110\DTS\Binn\;C:\Program Files (x86)\Microsoft SQL Server\120\DTS\Binn\;C:\Program Files (x86)\Microsoft SQL Server\130\DTS\Binn\;C:\Program Files (x86)\Microsoft SQL Server\140\DTS\Binn\;C:\Program Files (x86)\Microsoft SQL Server\150\DTS\Binn\;C:\Program Files\nodejs\;C:\Program Files\OpenSSL\bin;C:\Strawberry\c\bin;C:\Strawberry\perl\site\bin;C:\Strawberry\perl\bin;C:\ProgramData\chocolatey\lib\pulumi\tools\Pulumi\bin;C:\Program Files\TortoiseSVN\bin;C:\Program Files\OpenJDK\jdk-16.0.2\bin;C:\Program Files\CMake\bin;C:\ProgramData\chocolatey\lib\maven\apache-maven-3.8.1\bin;C:\Program Files\Microsoft Service Fabric\bin\Fabric\Fabric.Code;C:\Program Files\Microsoft SDKs\Service Fabric\Tools\ServiceFabricLocalClusterManager;C:\Program Files\Git\cmd;C:\Program Files\Git\mingw64\bin;C:\Program Files\Git\usr\bin;C:\Program Files\GVFS;c:\tools\php;C:\Program Files (x86)\sbt\bin;C:\SeleniumWebDrivers\ChromeDriver\;C:\SeleniumWebDrivers\EdgeDriver\;C:\Program Files\Amazon\AWSCLIV2\;C:\Program Files\Amazon\SessionManagerPlugin\bin\;C:\Program Files\Amazon\AWSSAMCLI\bin\;C:\Program Files (x86)\Google\Cloud SDK\google-cloud-sdk\bin;C:\Program Files (x86)\Microsoft BizTalk Server\;C:\Users\runneradmin\AppData\Local\Microsoft\WindowsApps;."/>
    <property name="java.vm.info" value="mixed mode"/>
    <property name="java.vendor" value="Azul Systems, Inc."/>
    <property name="java.vm.version" value="25.302-b08"/>
    <property name="java.ext.dirs" value="C:\hostedtoolcache\windows\jdk\8.0.302\x64\jre\lib\ext;C:\Windows\Sun\Java\lib\ext"/>
    <property name="sun.io.unicode.encoding" value="UnicodeLittle"/>
    <property name="java.class.version" value="52.0"/>
  </properties>
  <testcase name="successfulLogin[admin, fradi1899, true](1)" classname="testCases.LoginTests" time="2.072">
    <system-err><![CDATA[SLF4J: Failed to load class "org.slf4j.impl.StaticLoggerBinder".
SLF4J: Defaulting to no-operation (NOP) logger implementation
SLF4J: See http://www.slf4j.org/codes.html#StaticLoggerBinder for further details.
Starting ChromeDriver 92.0.4515.107 (87a818b10553a07434ea9e2b6dccf3cbe7895134-refs/branch-heads/4515@{#1634}) on port 58687
Only local connections are allowed.
Please see https://chromedriver.chromium.org/security-considerations for suggestions on keeping ChromeDriver safe.
ChromeDriver was started successfully.
Aug 23, 2021 8:14:59 AM org.openqa.selenium.remote.ProtocolHandshake createSession
INFO: Detected dialect: W3C
]]></system-err>
  </testcase>
  <testcase name="successfulLogin[admin, fradi1899, true](2)" classname="testCases.LoginTests" time="0.882">
    <system-out><![CDATA[DEBUG   16297   [freemark] (): Couldn't find template in cache for "Extent.ftl"("en_US", UTF-8, parsed); will try to load it.
DEBUG   16297   [freemark] (): TemplateLoader.findTemplateSource("Extent_en_US.ftl"): Not found
DEBUG   16297   [freemark] (): TemplateLoader.findTemplateSource("Extent_en.ftl"): Not found
DEBUG   16297   [freemark] (): TemplateLoader.findTemplateSource("Extent.ftl"): Found
DEBUG   16297   [freemark] (): Loading template for "Extent.ftl"("en_US", UTF-8, parsed) from "jar:file:/C:/Users/runneradmin/.m2/repository/com/relevantcodes/extentreports/2.41.2/extentreports-2.41.2.jar!/com/relevantcodes/extentreports/view/Extent.ftl"
]]></system-out>
  </testcase>
  <testcase name="unsuccessfulLogin[admin, fradi1900, false](1)" classname="testCases.LoginTests" time="0.374">
    <system-out><![CDATA[DEBUG   16297   [freemark] (): Couldn't find template in cache for "Extent.ftl"("en_US", UTF-8, parsed); will try to load it.
DEBUG   16297   [freemark] (): TemplateLoader.findTemplateSource("Extent_en_US.ftl"): Not found
DEBUG   16297   [freemark] (): TemplateLoader.findTemplateSource("Extent_en.ftl"): Not found
DEBUG   16297   [freemark] (): TemplateLoader.findTemplateSource("Extent.ftl"): Found
DEBUG   16297   [freemark] (): Loading template for "Extent.ftl"("en_US", UTF-8, parsed) from "jar:file:/C:/Users/runneradmin/.m2/repository/com/relevantcodes/extentreports/2.41.2/extentreports-2.41.2.jar!/com/relevantcodes/extentreports/view/Extent.ftl"
]]></system-out>
  </testcase>
  <testcase name="unsuccessfulLogin[balazs@hotmail.hu, fradi1899, false](2)" classname="testCases.LoginTests" time="0.388">
    <system-out><![CDATA[DEBUG   16297   [freemark] (): Couldn't find template in cache for "Extent.ftl"("en_US", UTF-8, parsed); will try to load it.
DEBUG   16297   [freemark] (): TemplateLoader.findTemplateSource("Extent_en_US.ftl"): Not found
DEBUG   16297   [freemark] (): TemplateLoader.findTemplateSource("Extent_en.ftl"): Not found
DEBUG   16297   [freemark] (): TemplateLoader.findTemplateSource("Extent.ftl"): Found
DEBUG   16297   [freemark] (): Loading template for "Extent.ftl"("en_US", UTF-8, parsed) from "jar:file:/C:/Users/runneradmin/.m2/repository/com/relevantcodes/extentreports/2.41.2/extentreports-2.41.2.jar!/com/relevantcodes/extentreports/view/Extent.ftl"
]]></system-out>
  </testcase>
  <testcase name="createBlogLeavingBlankField[BlogTest, , this-is-just-a-test-again, \src\test\resources\testfiles\halo360.jpg, This is just a test with a little bit more text.](1)" classname="testCases.CreateBlogTests" time="2.934">
    <system-out><![CDATA[DEBUG   16297   [freemark] (): Couldn't find template in cache for "Extent.ftl"("en_US", UTF-8, parsed); will try to load it.
DEBUG   16297   [freemark] (): TemplateLoader.findTemplateSource("Extent_en_US.ftl"): Not found
DEBUG   16297   [freemark] (): TemplateLoader.findTemplateSource("Extent_en.ftl"): Not found
DEBUG   16297   [freemark] (): TemplateLoader.findTemplateSource("Extent.ftl"): Found
DEBUG   16297   [freemark] (): Loading template for "Extent.ftl"("en_US", UTF-8, parsed) from "jar:file:/C:/Users/runneradmin/.m2/repository/com/relevantcodes/extentreports/2.41.2/extentreports-2.41.2.jar!/com/relevantcodes/extentreports/view/Extent.ftl"
]]></system-out>
  </testcase>
  <testcase name="createBlogSuccess[BlogTest, This is just a test, this-is-just-a-test, \src\test\resources\testfiles\halo360.jpg, This is just a test with a little bit more text.](1)" classname="testCases.CreateBlogTests" time="7.005">
    <system-out><![CDATA[DEBUG   16297   [freemark] (): Couldn't find template in cache for "Extent.ftl"("en_US", UTF-8, parsed); will try to load it.
DEBUG   16297   [freemark] (): TemplateLoader.findTemplateSource("Extent_en_US.ftl"): Not found
DEBUG   16297   [freemark] (): TemplateLoader.findTemplateSource("Extent_en.ftl"): Not found
DEBUG   16297   [freemark] (): TemplateLoader.findTemplateSource("Extent.ftl"): Found
DEBUG   16297   [freemark] (): Loading template for "Extent.ftl"("en_US", UTF-8, parsed) from "jar:file:/C:/Users/runneradmin/.m2/repository/com/relevantcodes/extentreports/2.41.2/extentreports-2.41.2.jar!/com/relevantcodes/extentreports/view/Extent.ftl"
]]></system-out>
  </testcase>
  <testcase name="createBlogUrlAlreadyTaken[BlogTest, This is just a test, lakasfelujitas-tippek, \src\test\resources\testfiles\halo360.jpg, This is just a test with a little bit more text.](1)" classname="testCases.CreateBlogTests" time="1.964">
    <system-out><![CDATA[DEBUG   16297   [freemark] (): Couldn't find template in cache for "Extent.ftl"("en_US", UTF-8, parsed); will try to load it.
DEBUG   16297   [freemark] (): TemplateLoader.findTemplateSource("Extent_en_US.ftl"): Not found
DEBUG   16297   [freemark] (): TemplateLoader.findTemplateSource("Extent_en.ftl"): Not found
DEBUG   16297   [freemark] (): TemplateLoader.findTemplateSource("Extent.ftl"): Found
DEBUG   16297   [freemark] (): Loading template for "Extent.ftl"("en_US", UTF-8, parsed) from "jar:file:/C:/Users/runneradmin/.m2/repository/com/relevantcodes/extentreports/2.41.2/extentreports-2.41.2.jar!/com/relevantcodes/extentreports/view/Extent.ftl"
]]></system-out>
  </testcase>
  <testcase name="editBlogSuccess[edited-url](1)" classname="testCases.EditBlogTests" time="10.44">
    <system-out><![CDATA[DEBUG   16297   [freemark] (): Couldn't find template in cache for "Extent.ftl"("en_US", UTF-8, parsed); will try to load it.
DEBUG   16297   [freemark] (): TemplateLoader.findTemplateSource("Extent_en_US.ftl"): Not found
DEBUG   16297   [freemark] (): TemplateLoader.findTemplateSource("Extent_en.ftl"): Not found
DEBUG   16297   [freemark] (): TemplateLoader.findTemplateSource("Extent.ftl"): Found
DEBUG   16297   [freemark] (): Loading template for "Extent.ftl"("en_US", UTF-8, parsed) from "jar:file:/C:/Users/runneradmin/.m2/repository/com/relevantcodes/extentreports/2.41.2/extentreports-2.41.2.jar!/com/relevantcodes/extentreports/view/Extent.ftl"
]]></system-out>
  </testcase>
  <testcase name="editBlogUnSuccessBlankField" classname="testCases.EditBlogTests" time="5.886">
    <system-out><![CDATA[DEBUG   16297   [freemark] (): Couldn't find template in cache for "Extent.ftl"("en_US", UTF-8, parsed); will try to load it.
DEBUG   16297   [freemark] (): TemplateLoader.findTemplateSource("Extent_en_US.ftl"): Not found
DEBUG   16297   [freemark] (): TemplateLoader.findTemplateSource("Extent_en.ftl"): Not found
DEBUG   16297   [freemark] (): TemplateLoader.findTemplateSource("Extent.ftl"): Found
DEBUG   16297   [freemark] (): Loading template for "Extent.ftl"("en_US", UTF-8, parsed) from "jar:file:/C:/Users/runneradmin/.m2/repository/com/relevantcodes/extentreports/2.41.2/extentreports-2.41.2.jar!/com/relevantcodes/extentreports/view/Extent.ftl"
]]></system-out>
  </testcase>
  <testcase name="editBlogUnSuccessTakenUrl[lakasfelujitas-tippek](1)" classname="testCases.EditBlogTests" time="5.953">
    <system-out><![CDATA[DEBUG   16297   [freemark] (): Couldn't find template in cache for "Extent.ftl"("en_US", UTF-8, parsed); will try to load it.
DEBUG   16297   [freemark] (): TemplateLoader.findTemplateSource("Extent_en_US.ftl"): Not found
DEBUG   16297   [freemark] (): TemplateLoader.findTemplateSource("Extent_en.ftl"): Not found
DEBUG   16297   [freemark] (): TemplateLoader.findTemplateSource("Extent.ftl"): Found
DEBUG   16297   [freemark] (): Loading template for "Extent.ftl"("en_US", UTF-8, parsed) from "jar:file:/C:/Users/runneradmin/.m2/repository/com/relevantcodes/extentreports/2.41.2/extentreports-2.41.2.jar!/com/relevantcodes/extentreports/view/Extent.ftl"
]]></system-out>
  </testcase>
  <testcase name="deleteBlog_CheckIfBlog_s_PageDeleted" classname="testCases.DeleteBlogTests" time="6.09">
    <system-out><![CDATA[DEBUG   16297   [freemark] (): Couldn't find template in cache for "Extent.ftl"("en_US", UTF-8, parsed); will try to load it.
DEBUG   16297   [freemark] (): TemplateLoader.findTemplateSource("Extent_en_US.ftl"): Not found
DEBUG   16297   [freemark] (): TemplateLoader.findTemplateSource("Extent_en.ftl"): Not found
DEBUG   16297   [freemark] (): TemplateLoader.findTemplateSource("Extent.ftl"): Found
DEBUG   16297   [freemark] (): Loading template for "Extent.ftl"("en_US", UTF-8, parsed) from "jar:file:/C:/Users/runneradmin/.m2/repository/com/relevantcodes/extentreports/2.41.2/extentreports-2.41.2.jar!/com/relevantcodes/extentreports/view/Extent.ftl"
]]></system-out>
  </testcase>
  <testcase name="deleteBlog_CheckIfVanishedFromAdminPage" classname="testCases.DeleteBlogTests" time="15.499">
    <system-out><![CDATA[DEBUG   16297   [freemark] (): Couldn't find template in cache for "Extent.ftl"("en_US", UTF-8, parsed); will try to load it.
DEBUG   16297   [freemark] (): TemplateLoader.findTemplateSource("Extent_en_US.ftl"): Not found
DEBUG   16297   [freemark] (): TemplateLoader.findTemplateSource("Extent_en.ftl"): Not found
DEBUG   16297   [freemark] (): TemplateLoader.findTemplateSource("Extent.ftl"): Found
DEBUG   16297   [freemark] (): Loading template for "Extent.ftl"("en_US", UTF-8, parsed) from "jar:file:/C:/Users/runneradmin/.m2/repository/com/relevantcodes/extentreports/2.41.2/extentreports-2.41.2.jar!/com/relevantcodes/extentreports/view/Extent.ftl"
]]></system-out>
  </testcase>
  <testcase name="afterLogoutTryGoBackToPreviusPage" classname="testCases.LogoutTests" time="1.2">
    <system-out><![CDATA[DEBUG   16297   [freemark] (): Couldn't find template in cache for "Extent.ftl"("en_US", UTF-8, parsed); will try to load it.
DEBUG   16297   [freemark] (): TemplateLoader.findTemplateSource("Extent_en_US.ftl"): Not found
DEBUG   16297   [freemark] (): TemplateLoader.findTemplateSource("Extent_en.ftl"): Not found
DEBUG   16297   [freemark] (): TemplateLoader.findTemplateSource("Extent.ftl"): Found
DEBUG   16297   [freemark] (): Loading template for "Extent.ftl"("en_US", UTF-8, parsed) from "jar:file:/C:/Users/runneradmin/.m2/repository/com/relevantcodes/extentreports/2.41.2/extentreports-2.41.2.jar!/com/relevantcodes/extentreports/view/Extent.ftl"
]]></system-out>
  </testcase>
  <testcase name="logOut" classname="testCases.LogoutTests" time="0.982">
    <system-out><![CDATA[DEBUG   16297   [freemark] (): Couldn't find template in cache for "Extent.ftl"("en_US", UTF-8, parsed); will try to load it.
DEBUG   16297   [freemark] (): TemplateLoader.findTemplateSource("Extent_en_US.ftl"): Not found
DEBUG   16297   [freemark] (): TemplateLoader.findTemplateSource("Extent_en.ftl"): Not found
DEBUG   16297   [freemark] (): TemplateLoader.findTemplateSource("Extent.ftl"): Found
DEBUG   16297   [freemark] (): Loading template for "Extent.ftl"("en_US", UTF-8, parsed) from "jar:file:/C:/Users/runneradmin/.m2/repository/com/relevantcodes/extentreports/2.41.2/extentreports-2.41.2.jar!/com/relevantcodes/extentreports/view/Extent.ftl"
]]></system-out>
  </testcase>
  <testcase name="listUsers[[admin, asd, qwer, qwert, qwerfgh, bala7777, adminImre, valaki, tesztuser, fradi1899]](1)" classname="testCases.ListRegisteredUsersTests" time="1.739">
    <system-out><![CDATA[DEBUG   16297   [freemark] (): Couldn't find template in cache for "Extent.ftl"("en_US", UTF-8, parsed); will try to load it.
DEBUG   16297   [freemark] (): TemplateLoader.findTemplateSource("Extent_en_US.ftl"): Not found
DEBUG   16297   [freemark] (): TemplateLoader.findTemplateSource("Extent_en.ftl"): Not found
DEBUG   16297   [freemark] (): TemplateLoader.findTemplateSource("Extent.ftl"): Found
DEBUG   16297   [freemark] (): Loading template for "Extent.ftl"("en_US", UTF-8, parsed) from "jar:file:/C:/Users/runneradmin/.m2/repository/com/relevantcodes/extentreports/2.41.2/extentreports-2.41.2.jar!/com/relevantcodes/extentreports/view/Extent.ftl"
]]></system-out>
  </testcase>
  <testcase name="traversingList[[admin, asd, qwer, qwert, qwerfgh, bala7777, adminImre, valaki, tesztuser, fradi1899, valaki2, admin123, usertest, vizsgremekhez, codecool, selenium, dio, rainbow, lol, best345, lay23, theBest123, fm19, java16, more, moremore, bala, testtest, rob123, mike99, papa88, mama67, valamiuser]](1)" classname="testCases.ListRegisteredUsersTests" time="2.186">
    <system-out><![CDATA[DEBUG   16297   [freemark] (): Couldn't find template in cache for "Extent.ftl"("en_US", UTF-8, parsed); will try to load it.
DEBUG   16297   [freemark] (): TemplateLoader.findTemplateSource("Extent_en_US.ftl"): Not found
DEBUG   16297   [freemark] (): TemplateLoader.findTemplateSource("Extent_en.ftl"): Not found
DEBUG   16297   [freemark] (): TemplateLoader.findTemplateSource("Extent.ftl"): Found
DEBUG   16297   [freemark] (): Loading template for "Extent.ftl"("en_US", UTF-8, parsed) from "jar:file:/C:/Users/runneradmin/.m2/repository/com/relevantcodes/extentreports/2.41.2/extentreports-2.41.2.jar!/com/relevantcodes/extentreports/view/Extent.ftl"
]]></system-out>
  </testcase>
  <testcase name="registerSuccess[qwe, asdfg12345](1)" classname="testCases.RegistrationTests" time="2.548">
    <system-out><![CDATA[DEBUG   16297   [freemark] (): Couldn't find template in cache for "Extent.ftl"("en_US", UTF-8, parsed); will try to load it.
DEBUG   16297   [freemark] (): TemplateLoader.findTemplateSource("Extent_en_US.ftl"): Not found
DEBUG   16297   [freemark] (): TemplateLoader.findTemplateSource("Extent_en.ftl"): Not found
DEBUG   16297   [freemark] (): TemplateLoader.findTemplateSource("Extent.ftl"): Found
DEBUG   16297   [freemark] (): Loading template for "Extent.ftl"("en_US", UTF-8, parsed) from "jar:file:/C:/Users/runneradmin/.m2/repository/com/relevantcodes/extentreports/2.41.2/extentreports-2.41.2.jar!/com/relevantcodes/extentreports/view/Extent.ftl"
]]></system-out>
  </testcase>
  <testcase name="registerSuccess[dfgh, dfgh93728](2)" classname="testCases.RegistrationTests" time="2.505">
    <system-out><![CDATA[DEBUG   16297   [freemark] (): Couldn't find template in cache for "Extent.ftl"("en_US", UTF-8, parsed); will try to load it.
DEBUG   16297   [freemark] (): TemplateLoader.findTemplateSource("Extent_en_US.ftl"): Not found
DEBUG   16297   [freemark] (): TemplateLoader.findTemplateSource("Extent_en.ftl"): Not found
DEBUG   16297   [freemark] (): TemplateLoader.findTemplateSource("Extent.ftl"): Found
DEBUG   16297   [freemark] (): Loading template for "Extent.ftl"("en_US", UTF-8, parsed) from "jar:file:/C:/Users/runneradmin/.m2/repository/com/relevantcodes/extentreports/2.41.2/extentreports-2.41.2.jar!/com/relevantcodes/extentreports/view/Extent.ftl"
]]></system-out>
  </testcase>
  <testcase name="registerUnsuccess[admin, gkjdfgkj1234](1)" classname="testCases.RegistrationTests" time="1.64">
    <system-out><![CDATA[DEBUG   16297   [freemark] (): Couldn't find template in cache for "Extent.ftl"("en_US", UTF-8, parsed); will try to load it.
DEBUG   16297   [freemark] (): TemplateLoader.findTemplateSource("Extent_en_US.ftl"): Not found
DEBUG   16297   [freemark] (): TemplateLoader.findTemplateSource("Extent_en.ftl"): Not found
DEBUG   16297   [freemark] (): TemplateLoader.findTemplateSource("Extent.ftl"): Found
DEBUG   16297   [freemark] (): Loading template for "Extent.ftl"("en_US", UTF-8, parsed) from "jar:file:/C:/Users/runneradmin/.m2/repository/com/relevantcodes/extentreports/2.41.2/extentreports-2.41.2.jar!/com/relevantcodes/extentreports/view/Extent.ftl"
]]></system-out>
  </testcase>
  <testcase name="validatePrivacyPolicyText" classname="testCases.PrivacyPolicyTests" time="1.723">
    <system-out><![CDATA[DEBUG   16297   [freemark] (): Couldn't find template in cache for "Extent.ftl"("en_US", UTF-8, parsed); will try to load it.
DEBUG   16297   [freemark] (): TemplateLoader.findTemplateSource("Extent_en_US.ftl"): Not found
DEBUG   16297   [freemark] (): TemplateLoader.findTemplateSource("Extent_en.ftl"): Not found
DEBUG   16297   [freemark] (): TemplateLoader.findTemplateSource("Extent.ftl"): Found
DEBUG   16297   [freemark] (): Loading template for "Extent.ftl"("en_US", UTF-8, parsed) from "jar:file:/C:/Users/runneradmin/.m2/repository/com/relevantcodes/extentreports/2.41.2/extentreports-2.41.2.jar!/com/relevantcodes/extentreports/view/Extent.ftl"
]]></system-out>
  </testcase>
</testsuite>