<?xml version="1.0" encoding="UTF-8"?>
<!-- Generated by org.testng.reporters.JUnitReportReporter -->
<testsuite hostname="DESKTOP-MCPG6KU" failures="0" tests="3" name="testCases.LoginTest" time="3.813" errors="0" timestamp="2021-07-28T00:53:23 CEST" skipped="0">
  <testcase classname="testCases.LoginTest" name="successfulLogin" time="0.910"/>
  <system-out>
    <![CDATA[<a target='_blank' href='google.hu'>Link</a>]]>
  </system-out>
  <testcase classname="testCases.LoginTest" name="successfulLogin" time="1.971"/>
  <system-out>
    <![CDATA[<a target='_blank' href='google.hu'>Link</a>]]>
  </system-out>
  <testcase classname="testCases.LoginTest" name="successfulLogin" time="0.932"/>
  <system-out>
    <![CDATA[<a target='_blank' href='google.hu'>Link</a>]]>
  </system-out>
</testsuite> <!-- testCases.LoginTest -->
