<?xml version="1.0" encoding="UTF-8"?>
<!-- Generated by org.testng.reporters.JUnitReportReporter -->
<testsuite skipped="0" hostname="fv-az56-218" name="testCases.EditBlogTests" tests="3" failures="0" timestamp="2021-08-23T08:16:17 UTC" time="22.303" errors="0">
  <testcase name="editBlogUnSuccessTakenUrl" time="5.957" classname="testCases.EditBlogTests"/>
  <system-out/>
  <testcase name="editBlogSuccess" time="10.443" classname="testCases.EditBlogTests"/>
  <system-out/>
  <testcase name="editBlogUnSuccessBlankField" time="5.903" classname="testCases.EditBlogTests"/>
  <system-out/>
</testsuite> <!-- testCases.EditBlogTests -->
