<?xml version="1.0" encoding="UTF-8"?>
<!-- Generated by org.testng.reporters.JUnitReportReporter -->
<testsuite hostname="DESKTOP-MCPG6KU" failures="0" tests="1" name="testCases.PrivacyPolicyTests" time="6.480" errors="0" timestamp="2021-08-20T22:32:56 CEST" skipped="0">
  <testcase classname="testCases.PrivacyPolicyTests" name="validatePrivacyPolicyText" time="6.480"/>
  <system-out/>
</testsuite> <!-- testCases.PrivacyPolicyTests -->
