<?xml version="1.0" encoding="UTF-8"?>
<!-- Generated by org.testng.reporters.JUnitReportReporter -->
<testsuite skipped="0" hostname="fv-az56-218" name="testCases.ListRegisteredUsersTests" tests="2" failures="0" timestamp="2021-08-23T08:16:17 UTC" time="3.940" errors="0">
  <testcase name="listUsers" time="1.751" classname="testCases.ListRegisteredUsersTests"/>
  <system-out/>
  <testcase name="traversingList" time="2.189" classname="testCases.ListRegisteredUsersTests"/>
  <system-out/>
</testsuite> <!-- testCases.ListRegisteredUsersTests -->
