<?xml version="1.0" encoding="UTF-8"?>
<!-- Generated by org.testng.reporters.JUnitReportReporter -->
<testsuite skipped="0" hostname="fv-az56-218" name="testCases.DeleteBlogTests" tests="2" failures="0" timestamp="2021-08-23T08:16:17 UTC" time="21.595" errors="0">
  <testcase name="deleteBlog_CheckIfBlog_s_PageDeleted" time="6.094" classname="testCases.DeleteBlogTests"/>
  <system-out/>
  <testcase name="deleteBlog_CheckIfVanishedFromAdminPage" time="15.501" classname="testCases.DeleteBlogTests"/>
  <system-out/>
</testsuite> <!-- testCases.DeleteBlogTests -->
