<?xml version="1.0" encoding="UTF-8"?>
<!-- Generated by org.testng.reporters.JUnitReportReporter -->
<testsuite skipped="0" hostname="fv-az56-218" name="testCases.LoginTests" tests="4" failures="0" timestamp="2021-08-23T08:16:17 UTC" time="3.721" errors="0">
  <testcase name="unsuccessfulLogin" time="0.378" classname="testCases.LoginTests"/>
  <system-out/>
  <testcase name="successfulLogin" time="0.885" classname="testCases.LoginTests"/>
  <system-out/>
  <testcase name="unsuccessfulLogin" time="0.389" classname="testCases.LoginTests"/>
  <system-out/>
  <testcase name="successfulLogin" time="2.069" classname="testCases.LoginTests"/>
  <system-out/>
</testsuite> <!-- testCases.LoginTests -->
