<?xml version="1.0" encoding="UTF-8"?>
<!-- Generated by org.testng.reporters.JUnitReportReporter -->
<testsuite skipped="0" hostname="fv-az56-218" name="testCases.CreateBlogTests" tests="3" failures="0" timestamp="2021-08-23T08:16:17 UTC" time="11.904" errors="0">
  <testcase name="createBlogSuccess" time="6.999" classname="testCases.CreateBlogTests"/>
  <system-out/>
  <testcase name="createBlogUrlAlreadyTaken" time="1.969" classname="testCases.CreateBlogTests"/>
  <system-out/>
  <testcase name="createBlogLeavingBlankField" time="2.936" classname="testCases.CreateBlogTests"/>
  <system-out/>
</testsuite> <!-- testCases.CreateBlogTests -->
