<?xml version="1.0" encoding="UTF-8"?>
<!-- Generated by org.testng.reporters.JUnitReportReporter -->
<testsuite skipped="0" hostname="fv-az56-218" name="testCases.PrivacyPolicyTests" tests="1" failures="0" timestamp="2021-08-23T08:16:17 UTC" time="1.731" errors="0">
  <testcase name="validatePrivacyPolicyText" time="1.731" classname="testCases.PrivacyPolicyTests"/>
  <system-out/>
</testsuite> <!-- testCases.PrivacyPolicyTests -->
