<?xml version="1.0" encoding="UTF-8"?>
<!-- Generated by org.testng.reporters.JUnitReportReporter -->
<testsuite skipped="0" hostname="fv-az56-218" name="testCases.LogoutTests" tests="2" failures="0" timestamp="2021-08-23T08:16:17 UTC" time="2.188" errors="0">
  <testcase name="afterLogoutTryGoBackToPreviusPage" time="1.203" classname="testCases.LogoutTests"/>
  <system-out/>
  <testcase name="logOut" time="0.985" classname="testCases.LogoutTests"/>
  <system-out/>
</testsuite> <!-- testCases.LogoutTests -->
