<?xml version="1.0" encoding="UTF-8"?>
<!-- Generated by org.testng.reporters.JUnitReportReporter -->
<testsuite skipped="0" hostname="fv-az56-218" name="testCases.RegistrationTests" tests="3" failures="0" timestamp="2021-08-23T08:16:17 UTC" time="6.630" errors="0">
  <testcase name="registerSuccess" time="2.467" classname="testCases.RegistrationTests"/>
  <system-out/>
  <testcase name="registerUnsuccess" time="1.602" classname="testCases.RegistrationTests"/>
  <system-out/>
  <testcase name="registerSuccess" time="2.561" classname="testCases.RegistrationTests"/>
  <system-out/>
</testsuite> <!-- testCases.RegistrationTests -->
